[0.612s] Invoking command in '/home/tyler/ros2_ws/src/my_py_pkg': PYTHONPATH=/home/tyler/ros2_ws/src/build/my_py_pkg/prefix_override:/home/tyler/ros2_ws/src/install/my_py_pkg/lib/python3.10/site-packages:${PYTHONPATH} /usr/bin/python3 setup.py egg_info --egg-base ../build/my_py_pkg build --build-base /home/tyler/ros2_ws/src/build/my_py_pkg/build install --record /home/tyler/ros2_ws/src/build/my_py_pkg/install.log --single-version-externally-managed
[0.804s] running egg_info
[0.804s] creating ../build/my_py_pkg/my_py_pkg.egg-info
[0.805s] writing ../build/my_py_pkg/my_py_pkg.egg-info/PKG-INFO
[0.805s] writing dependency_links to ../build/my_py_pkg/my_py_pkg.egg-info/dependency_links.txt
[0.805s] writing entry points to ../build/my_py_pkg/my_py_pkg.egg-info/entry_points.txt
[0.805s] writing requirements to ../build/my_py_pkg/my_py_pkg.egg-info/requires.txt
[0.805s] writing top-level names to ../build/my_py_pkg/my_py_pkg.egg-info/top_level.txt
[0.805s] writing manifest file '../build/my_py_pkg/my_py_pkg.egg-info/SOURCES.txt'
[0.805s] reading manifest file '../build/my_py_pkg/my_py_pkg.egg-info/SOURCES.txt'
[0.816s] writing manifest file '../build/my_py_pkg/my_py_pkg.egg-info/SOURCES.txt'
[0.816s] running build
[0.816s] running build_py
[0.816s] creating /home/tyler/ros2_ws/src/build/my_py_pkg/build
[0.816s] creating /home/tyler/ros2_ws/src/build/my_py_pkg/build/lib
[0.816s] creating /home/tyler/ros2_ws/src/build/my_py_pkg/build/lib/my_py_pkg
[0.816s] copying my_py_pkg/__init__.py -> /home/tyler/ros2_ws/src/build/my_py_pkg/build/lib/my_py_pkg
[0.816s] running install
[0.817s] running install_lib
[0.817s] creating /home/tyler/ros2_ws/src/install/my_py_pkg/lib/python3.10/site-packages/my_py_pkg
[0.817s] copying /home/tyler/ros2_ws/src/build/my_py_pkg/build/lib/my_py_pkg/__init__.py -> /home/tyler/ros2_ws/src/install/my_py_pkg/lib/python3.10/site-packages/my_py_pkg
[0.817s] byte-compiling /home/tyler/ros2_ws/src/install/my_py_pkg/lib/python3.10/site-packages/my_py_pkg/__init__.py to __init__.cpython-310.pyc
[0.817s] running install_data
[0.817s] creating /home/tyler/ros2_ws/src/install/my_py_pkg/share/ament_index
[0.817s] creating /home/tyler/ros2_ws/src/install/my_py_pkg/share/ament_index/resource_index
[0.817s] creating /home/tyler/ros2_ws/src/install/my_py_pkg/share/ament_index/resource_index/packages
[0.817s] copying resource/my_py_pkg -> /home/tyler/ros2_ws/src/install/my_py_pkg/share/ament_index/resource_index/packages
[0.817s] copying package.xml -> /home/tyler/ros2_ws/src/install/my_py_pkg/share/my_py_pkg
[0.817s] running install_egg_info
[0.817s] Copying ../build/my_py_pkg/my_py_pkg.egg-info to /home/tyler/ros2_ws/src/install/my_py_pkg/lib/python3.10/site-packages/my_py_pkg-0.0.0-py3.10.egg-info
[0.817s] running install_scripts
[0.828s] writing list of installed files to '/home/tyler/ros2_ws/src/build/my_py_pkg/install.log'
[0.855s] Invoked command in '/home/tyler/ros2_ws/src/my_py_pkg' returned '0': PYTHONPATH=/home/tyler/ros2_ws/src/build/my_py_pkg/prefix_override:/home/tyler/ros2_ws/src/install/my_py_pkg/lib/python3.10/site-packages:${PYTHONPATH} /usr/bin/python3 setup.py egg_info --egg-base ../build/my_py_pkg build --build-base /home/tyler/ros2_ws/src/build/my_py_pkg/build install --record /home/tyler/ros2_ws/src/build/my_py_pkg/install.log --single-version-externally-managed
