[0.599s] Invoking command in '/home/tyler/ros2_ws/build/my_py_pkg': PYTHONPATH=/home/tyler/ros2_ws/build/my_py_pkg/prefix_override:/home/tyler/ros2_ws/install/my_py_pkg/lib/python3.10/site-packages:${PYTHONPATH} /usr/bin/python3 setup.py develop --uninstall --editable --build-directory /home/tyler/ros2_ws/build/my_py_pkg/build
[0.814s] running develop
[0.961s] Invoked command in '/home/tyler/ros2_ws/build/my_py_pkg' returned '0': PYTHONPATH=/home/tyler/ros2_ws/build/my_py_pkg/prefix_override:/home/tyler/ros2_ws/install/my_py_pkg/lib/python3.10/site-packages:${PYTHONPATH} /usr/bin/python3 setup.py develop --uninstall --editable --build-directory /home/tyler/ros2_ws/build/my_py_pkg/build
[0.962s] Invoking command in '/home/tyler/ros2_ws/src/my_py_pkg': PYTHONPATH=/home/tyler/ros2_ws/build/my_py_pkg/prefix_override:/home/tyler/ros2_ws/install/my_py_pkg/lib/python3.10/site-packages:${PYTHONPATH} /usr/bin/python3 setup.py egg_info --egg-base ../../build/my_py_pkg build --build-base /home/tyler/ros2_ws/build/my_py_pkg/build install --record /home/tyler/ros2_ws/build/my_py_pkg/install.log --single-version-externally-managed
[1.200s] running egg_info
[1.202s] writing ../../build/my_py_pkg/my_py_pkg.egg-info/PKG-INFO
[1.203s] writing dependency_links to ../../build/my_py_pkg/my_py_pkg.egg-info/dependency_links.txt
[1.203s] writing entry points to ../../build/my_py_pkg/my_py_pkg.egg-info/entry_points.txt
[1.204s] writing requirements to ../../build/my_py_pkg/my_py_pkg.egg-info/requires.txt
[1.204s] writing top-level names to ../../build/my_py_pkg/my_py_pkg.egg-info/top_level.txt
[1.205s] reading manifest file '../../build/my_py_pkg/my_py_pkg.egg-info/SOURCES.txt'
[1.205s] writing manifest file '../../build/my_py_pkg/my_py_pkg.egg-info/SOURCES.txt'
[1.206s] running build
[1.206s] running build_py
[1.207s] running install
[1.208s] running install_lib
[1.208s] running install_data
[1.210s] running install_egg_info
[1.210s] removing '/home/tyler/ros2_ws/install/my_py_pkg/lib/python3.10/site-packages/my_py_pkg-0.0.0-py3.10.egg-info' (and everything under it)
[1.210s] Copying ../../build/my_py_pkg/my_py_pkg.egg-info to /home/tyler/ros2_ws/install/my_py_pkg/lib/python3.10/site-packages/my_py_pkg-0.0.0-py3.10.egg-info
[1.210s] running install_scripts
[1.239s] Installing py_node script to /home/tyler/ros2_ws/install/my_py_pkg/lib/my_py_pkg
[1.240s] writing list of installed files to '/home/tyler/ros2_ws/build/my_py_pkg/install.log'
[1.264s] Invoked command in '/home/tyler/ros2_ws/src/my_py_pkg' returned '0': PYTHONPATH=/home/tyler/ros2_ws/build/my_py_pkg/prefix_override:/home/tyler/ros2_ws/install/my_py_pkg/lib/python3.10/site-packages:${PYTHONPATH} /usr/bin/python3 setup.py egg_info --egg-base ../../build/my_py_pkg build --build-base /home/tyler/ros2_ws/build/my_py_pkg/build install --record /home/tyler/ros2_ws/build/my_py_pkg/install.log --single-version-externally-managed
