[0.094s] Invoking command in '/home/tyler/ros2_ws/build/my_cpp_pkg': CMAKE_PREFIX_PATH=${CMAKE_PREFIX_PATH}:/home/tyler/ros2_ws/install/my_py_pkg:/opt/ros/humble /usr/bin/cmake --build /home/tyler/ros2_ws/build/my_cpp_pkg -- -j3 -l3
[0.192s] [100%] Built target cpp_node
[0.438s] Invoked command in '/home/tyler/ros2_ws/build/my_cpp_pkg' returned '0': CMAKE_PREFIX_PATH=${CMAKE_PREFIX_PATH}:/home/tyler/ros2_ws/install/my_py_pkg:/opt/ros/humble /usr/bin/cmake --build /home/tyler/ros2_ws/build/my_cpp_pkg -- -j3 -l3
[0.546s] Invoking command in '/home/tyler/ros2_ws/build/my_cpp_pkg': CMAKE_PREFIX_PATH=${CMAKE_PREFIX_PATH}:/home/tyler/ros2_ws/install/my_py_pkg:/opt/ros/humble /usr/bin/cmake --install /home/tyler/ros2_ws/build/my_cpp_pkg
[0.576s] -- Install configuration: ""
[0.577s] -- Execute custom install script
[0.577s] -- Up-to-date symlink: /home/tyler/ros2_ws/install/my_cpp_pkg/lib/my_cpp_pkg/cpp_node
[0.577s] -- Up-to-date symlink: /home/tyler/ros2_ws/install/my_cpp_pkg/share/ament_index/resource_index/package_run_dependencies/my_cpp_pkg
[0.582s] -- Up-to-date symlink: /home/tyler/ros2_ws/install/my_cpp_pkg/share/ament_index/resource_index/parent_prefix_path/my_cpp_pkg
[0.591s] -- Up-to-date symlink: /home/tyler/ros2_ws/install/my_cpp_pkg/share/my_cpp_pkg/environment/ament_prefix_path.sh
[0.591s] -- Up-to-date symlink: /home/tyler/ros2_ws/install/my_cpp_pkg/share/my_cpp_pkg/environment/ament_prefix_path.dsv
[0.591s] -- Up-to-date symlink: /home/tyler/ros2_ws/install/my_cpp_pkg/share/my_cpp_pkg/environment/path.sh
[0.592s] -- Up-to-date symlink: /home/tyler/ros2_ws/install/my_cpp_pkg/share/my_cpp_pkg/environment/path.dsv
[0.592s] -- Up-to-date symlink: /home/tyler/ros2_ws/install/my_cpp_pkg/share/my_cpp_pkg/local_setup.bash
[0.593s] -- Up-to-date symlink: /home/tyler/ros2_ws/install/my_cpp_pkg/share/my_cpp_pkg/local_setup.sh
[0.594s] -- Up-to-date symlink: /home/tyler/ros2_ws/install/my_cpp_pkg/share/my_cpp_pkg/local_setup.zsh
[0.594s] -- Up-to-date symlink: /home/tyler/ros2_ws/install/my_cpp_pkg/share/my_cpp_pkg/local_setup.dsv
[0.594s] -- Symlinking: /home/tyler/ros2_ws/install/my_cpp_pkg/share/my_cpp_pkg/package.dsv
[0.606s] -- Up-to-date symlink: /home/tyler/ros2_ws/install/my_cpp_pkg/share/ament_index/resource_index/packages/my_cpp_pkg
[0.606s] -- Up-to-date symlink: /home/tyler/ros2_ws/install/my_cpp_pkg/share/my_cpp_pkg/cmake/my_cpp_pkgConfig.cmake
[0.607s] -- Up-to-date symlink: /home/tyler/ros2_ws/install/my_cpp_pkg/share/my_cpp_pkg/cmake/my_cpp_pkgConfig-version.cmake
[0.608s] -- Up-to-date symlink: /home/tyler/ros2_ws/install/my_cpp_pkg/share/my_cpp_pkg/package.xml
[0.613s] Invoked command in '/home/tyler/ros2_ws/build/my_cpp_pkg' returned '0': CMAKE_PREFIX_PATH=${CMAKE_PREFIX_PATH}:/home/tyler/ros2_ws/install/my_py_pkg:/opt/ros/humble /usr/bin/cmake --install /home/tyler/ros2_ws/build/my_cpp_pkg
