[0.829s] Invoking command in '/home/tyler/ros2_ws/src/my_py_pkg': PYTHONPATH=/home/tyler/ros2_ws/src/build/my_py_pkg/prefix_override:/home/tyler/ros2_ws/src/install/my_py_pkg/lib/python3.10/site-packages:${PYTHONPATH} /usr/bin/python3 setup.py egg_info --egg-base ../build/my_py_pkg build --build-base /home/tyler/ros2_ws/src/build/my_py_pkg/build install --record /home/tyler/ros2_ws/src/build/my_py_pkg/install.log --single-version-externally-managed
[1.056s] running egg_info
[1.057s] writing ../build/my_py_pkg/my_py_pkg.egg-info/PKG-INFO
[1.057s] writing dependency_links to ../build/my_py_pkg/my_py_pkg.egg-info/dependency_links.txt
[1.058s] writing entry points to ../build/my_py_pkg/my_py_pkg.egg-info/entry_points.txt
[1.058s] writing requirements to ../build/my_py_pkg/my_py_pkg.egg-info/requires.txt
[1.059s] writing top-level names to ../build/my_py_pkg/my_py_pkg.egg-info/top_level.txt
[1.060s] reading manifest file '../build/my_py_pkg/my_py_pkg.egg-info/SOURCES.txt'
[1.061s] writing manifest file '../build/my_py_pkg/my_py_pkg.egg-info/SOURCES.txt'
[1.062s] running build
[1.062s] running build_py
[1.063s] copying my_py_pkg/my_first_node.py -> /home/tyler/ros2_ws/src/build/my_py_pkg/build/lib/my_py_pkg
[1.063s] running install
[1.064s] running install_lib
[1.064s] copying /home/tyler/ros2_ws/src/build/my_py_pkg/build/lib/my_py_pkg/my_first_node.py -> /home/tyler/ros2_ws/src/install/my_py_pkg/lib/python3.10/site-packages/my_py_pkg
[1.065s] byte-compiling /home/tyler/ros2_ws/src/install/my_py_pkg/lib/python3.10/site-packages/my_py_pkg/my_first_node.py to my_first_node.cpython-310.pyc
[1.066s] running install_data
[1.066s] running install_egg_info
[1.068s] removing '/home/tyler/ros2_ws/src/install/my_py_pkg/lib/python3.10/site-packages/my_py_pkg-0.0.0-py3.10.egg-info' (and everything under it)
[1.069s] Copying ../build/my_py_pkg/my_py_pkg.egg-info to /home/tyler/ros2_ws/src/install/my_py_pkg/lib/python3.10/site-packages/my_py_pkg-0.0.0-py3.10.egg-info
[1.070s] running install_scripts
[1.087s] Installing py_node script to /home/tyler/ros2_ws/src/install/my_py_pkg/lib/my_py_pkg
[1.087s] writing list of installed files to '/home/tyler/ros2_ws/src/build/my_py_pkg/install.log'
[1.115s] Invoked command in '/home/tyler/ros2_ws/src/my_py_pkg' returned '0': PYTHONPATH=/home/tyler/ros2_ws/src/build/my_py_pkg/prefix_override:/home/tyler/ros2_ws/src/install/my_py_pkg/lib/python3.10/site-packages:${PYTHONPATH} /usr/bin/python3 setup.py egg_info --egg-base ../build/my_py_pkg build --build-base /home/tyler/ros2_ws/src/build/my_py_pkg/build install --record /home/tyler/ros2_ws/src/build/my_py_pkg/install.log --single-version-externally-managed
