[0.644s] Invoking command in '/home/tyler/ros2_ws/src/my_py_pkg': PYTHONPATH=/home/tyler/ros2_ws/build/my_py_pkg/prefix_override:/home/tyler/ros2_ws/install/my_py_pkg/lib/python3.10/site-packages:${PYTHONPATH} /usr/bin/python3 setup.py egg_info --egg-base ../../build/my_py_pkg build --build-base /home/tyler/ros2_ws/build/my_py_pkg/build install --record /home/tyler/ros2_ws/build/my_py_pkg/install.log --single-version-externally-managed
[0.897s] running egg_info
[0.897s] writing ../../build/my_py_pkg/my_py_pkg.egg-info/PKG-INFO
[0.897s] writing dependency_links to ../../build/my_py_pkg/my_py_pkg.egg-info/dependency_links.txt
[0.898s] writing entry points to ../../build/my_py_pkg/my_py_pkg.egg-info/entry_points.txt
[0.899s] writing requirements to ../../build/my_py_pkg/my_py_pkg.egg-info/requires.txt
[0.899s] writing top-level names to ../../build/my_py_pkg/my_py_pkg.egg-info/top_level.txt
[0.900s] reading manifest file '../../build/my_py_pkg/my_py_pkg.egg-info/SOURCES.txt'
[0.901s] writing manifest file '../../build/my_py_pkg/my_py_pkg.egg-info/SOURCES.txt'
[0.901s] running build
[0.901s] running build_py
[0.902s] copying my_py_pkg/my_first_node.py -> /home/tyler/ros2_ws/build/my_py_pkg/build/lib/my_py_pkg
[0.902s] running install
[0.902s] running install_lib
[0.903s] copying /home/tyler/ros2_ws/build/my_py_pkg/build/lib/my_py_pkg/my_first_node.py -> /home/tyler/ros2_ws/install/my_py_pkg/lib/python3.10/site-packages/my_py_pkg
[0.903s] byte-compiling /home/tyler/ros2_ws/install/my_py_pkg/lib/python3.10/site-packages/my_py_pkg/my_first_node.py to my_first_node.cpython-310.pyc
[0.904s] running install_data
[0.904s] running install_egg_info
[0.906s] removing '/home/tyler/ros2_ws/install/my_py_pkg/lib/python3.10/site-packages/my_py_pkg-0.0.0-py3.10.egg-info' (and everything under it)
[0.912s] Copying ../../build/my_py_pkg/my_py_pkg.egg-info to /home/tyler/ros2_ws/install/my_py_pkg/lib/python3.10/site-packages/my_py_pkg-0.0.0-py3.10.egg-info
[0.912s] running install_scripts
[0.929s] Installing py_node script to /home/tyler/ros2_ws/install/my_py_pkg/lib/my_py_pkg
[0.930s] writing list of installed files to '/home/tyler/ros2_ws/build/my_py_pkg/install.log'
[0.964s] Invoked command in '/home/tyler/ros2_ws/src/my_py_pkg' returned '0': PYTHONPATH=/home/tyler/ros2_ws/build/my_py_pkg/prefix_override:/home/tyler/ros2_ws/install/my_py_pkg/lib/python3.10/site-packages:${PYTHONPATH} /usr/bin/python3 setup.py egg_info --egg-base ../../build/my_py_pkg build --build-base /home/tyler/ros2_ws/build/my_py_pkg/build install --record /home/tyler/ros2_ws/build/my_py_pkg/install.log --single-version-externally-managed
