[0.005s] Invoking command in '/home/tyler/ros2_ws/build/my_cpp_pkg': CMAKE_PREFIX_PATH=/home/tyler/ros2_ws/install/my_py_pkg:/opt/ros/humble /usr/bin/cmake --build /home/tyler/ros2_ws/build/my_cpp_pkg -- -j3 -l3
[0.179s] [35m[1mConsolidate compiler generated dependencies of target cpp_node[0m
[0.266s] [ 50%] [32mBuilding CXX object CMakeFiles/cpp_node.dir/src/my_first_node.cpp.o[0m
[3.556s] [100%] [32m[1mLinking CXX executable cpp_node[0m
[3.878s] [100%] Built target cpp_node
[3.915s] Invoked command in '/home/tyler/ros2_ws/build/my_cpp_pkg' returned '0': CMAKE_PREFIX_PATH=/home/tyler/ros2_ws/install/my_py_pkg:/opt/ros/humble /usr/bin/cmake --build /home/tyler/ros2_ws/build/my_cpp_pkg -- -j3 -l3
[4.098s] Invoking command in '/home/tyler/ros2_ws/build/my_cpp_pkg': CMAKE_PREFIX_PATH=/home/tyler/ros2_ws/install/my_py_pkg:/opt/ros/humble /usr/bin/cmake --install /home/tyler/ros2_ws/build/my_cpp_pkg
[4.100s] -- Install configuration: ""
[4.100s] -- Installing: /home/tyler/ros2_ws/install/my_cpp_pkg/lib/my_cpp_pkg/cpp_node
[4.100s] -- Set runtime path of "/home/tyler/ros2_ws/install/my_cpp_pkg/lib/my_cpp_pkg/cpp_node" to ""
[4.100s] -- Up-to-date: /home/tyler/ros2_ws/install/my_cpp_pkg/share/ament_index/resource_index/package_run_dependencies/my_cpp_pkg
[4.100s] -- Up-to-date: /home/tyler/ros2_ws/install/my_cpp_pkg/share/ament_index/resource_index/parent_prefix_path/my_cpp_pkg
[4.100s] -- Up-to-date: /home/tyler/ros2_ws/install/my_cpp_pkg/share/my_cpp_pkg/environment/ament_prefix_path.sh
[4.100s] -- Up-to-date: /home/tyler/ros2_ws/install/my_cpp_pkg/share/my_cpp_pkg/environment/ament_prefix_path.dsv
[4.100s] -- Up-to-date: /home/tyler/ros2_ws/install/my_cpp_pkg/share/my_cpp_pkg/environment/path.sh
[4.100s] -- Up-to-date: /home/tyler/ros2_ws/install/my_cpp_pkg/share/my_cpp_pkg/environment/path.dsv
[4.100s] -- Up-to-date: /home/tyler/ros2_ws/install/my_cpp_pkg/share/my_cpp_pkg/local_setup.bash
[4.100s] -- Up-to-date: /home/tyler/ros2_ws/install/my_cpp_pkg/share/my_cpp_pkg/local_setup.sh
[4.100s] -- Up-to-date: /home/tyler/ros2_ws/install/my_cpp_pkg/share/my_cpp_pkg/local_setup.zsh
[4.100s] -- Up-to-date: /home/tyler/ros2_ws/install/my_cpp_pkg/share/my_cpp_pkg/local_setup.dsv
[4.101s] -- Installing: /home/tyler/ros2_ws/install/my_cpp_pkg/share/my_cpp_pkg/package.dsv
[4.101s] -- Up-to-date: /home/tyler/ros2_ws/install/my_cpp_pkg/share/ament_index/resource_index/packages/my_cpp_pkg
[4.101s] -- Up-to-date: /home/tyler/ros2_ws/install/my_cpp_pkg/share/my_cpp_pkg/cmake/my_cpp_pkgConfig.cmake
[4.101s] -- Up-to-date: /home/tyler/ros2_ws/install/my_cpp_pkg/share/my_cpp_pkg/cmake/my_cpp_pkgConfig-version.cmake
[4.101s] -- Up-to-date: /home/tyler/ros2_ws/install/my_cpp_pkg/share/my_cpp_pkg/package.xml
[4.109s] Invoked command in '/home/tyler/ros2_ws/build/my_cpp_pkg' returned '0': CMAKE_PREFIX_PATH=/home/tyler/ros2_ws/install/my_py_pkg:/opt/ros/humble /usr/bin/cmake --install /home/tyler/ros2_ws/build/my_cpp_pkg
