[0.069s] Invoking command in '/home/tyler/ros2_ws/src/build/my_cpp_pkg': CMAKE_PREFIX_PATH=/home/tyler/ros2_ws/install/my_py_pkg:/opt/ros/humble /usr/bin/cmake /home/tyler/ros2_ws/src/my_cpp_pkg -DCMAKE_INSTALL_PREFIX=/home/tyler/ros2_ws/src/install/my_cpp_pkg
[0.536s] -- The C compiler identification is GNU 11.4.0
[0.899s] -- The CXX compiler identification is GNU 11.4.0
[0.910s] -- Detecting C compiler ABI info
[1.113s] -- Detecting C compiler ABI info - done
[1.119s] -- Check for working C compiler: /usr/bin/cc - skipped
[1.120s] -- Detecting C compile features
[1.120s] -- Detecting C compile features - done
[1.123s] -- Detecting CXX compiler ABI info
[1.251s] -- Detecting CXX compiler ABI info - done
[1.264s] -- Check for working CXX compiler: /usr/bin/c++ - skipped
[1.272s] -- Detecting CXX compile features
[1.279s] -- Detecting CXX compile features - done
[1.284s] -- Found ament_cmake: 1.3.5 (/opt/ros/humble/share/ament_cmake/cmake)
[1.462s] -- Found Python3: /usr/bin/python3.10 (found version "3.10.12") found components: Interpreter 
[1.549s] -- Found rclcpp: 16.0.5 (/opt/ros/humble/share/rclcpp/cmake)
[1.592s] -- Found rosidl_generator_c: 3.1.5 (/opt/ros/humble/share/rosidl_generator_c/cmake)
[1.596s] -- Found rosidl_adapter: 3.1.5 (/opt/ros/humble/share/rosidl_adapter/cmake)
[1.603s] -- Found rosidl_generator_cpp: 3.1.5 (/opt/ros/humble/share/rosidl_generator_cpp/cmake)
[1.616s] -- Using all available rosidl_typesupport_c: rosidl_typesupport_fastrtps_c;rosidl_typesupport_introspection_c
[1.633s] -- Using all available rosidl_typesupport_cpp: rosidl_typesupport_fastrtps_cpp;rosidl_typesupport_introspection_cpp
[1.699s] -- Found rmw_implementation_cmake: 6.1.1 (/opt/ros/humble/share/rmw_implementation_cmake/cmake)
[1.701s] -- Found rmw_fastrtps_cpp: 6.2.3 (/opt/ros/humble/share/rmw_fastrtps_cpp/cmake)
[1.836s] -- Found OpenSSL: /usr/lib/x86_64-linux-gnu/libcrypto.so (found version "3.0.2")  
[1.865s] -- Found FastRTPS: /opt/ros/humble/include  
[1.907s] -- Using RMW implementation 'rmw_fastrtps_cpp' as default
[1.915s] -- Looking for pthread.h
[2.127s] -- Looking for pthread.h - found
[2.127s] -- Performing Test CMAKE_HAVE_LIBC_PTHREAD
[2.239s] -- Performing Test CMAKE_HAVE_LIBC_PTHREAD - Success
[2.239s] -- Found Threads: TRUE  
[2.402s] -- Found ament_lint_auto: 0.12.7 (/opt/ros/humble/share/ament_lint_auto/cmake)
[2.481s] -- Added test 'lint_cmake' to check CMake code style
[2.482s] -- Added test 'xmllint' to check XML markup files
[2.482s] -- Configuring done
[2.482s] -- Generating done
[2.482s] -- Build files have been written to: /home/tyler/ros2_ws/src/build/my_cpp_pkg
[2.484s] Invoked command in '/home/tyler/ros2_ws/src/build/my_cpp_pkg' returned '0': CMAKE_PREFIX_PATH=/home/tyler/ros2_ws/install/my_py_pkg:/opt/ros/humble /usr/bin/cmake /home/tyler/ros2_ws/src/my_cpp_pkg -DCMAKE_INSTALL_PREFIX=/home/tyler/ros2_ws/src/install/my_cpp_pkg
[2.484s] Invoking command in '/home/tyler/ros2_ws/src/build/my_cpp_pkg': CMAKE_PREFIX_PATH=/home/tyler/ros2_ws/install/my_py_pkg:/opt/ros/humble /usr/bin/cmake --build /home/tyler/ros2_ws/src/build/my_cpp_pkg -- -j3 -l3
[2.534s] Invoked command in '/home/tyler/ros2_ws/src/build/my_cpp_pkg' returned '0': CMAKE_PREFIX_PATH=/home/tyler/ros2_ws/install/my_py_pkg:/opt/ros/humble /usr/bin/cmake --build /home/tyler/ros2_ws/src/build/my_cpp_pkg -- -j3 -l3
[2.592s] Invoking command in '/home/tyler/ros2_ws/src/build/my_cpp_pkg': CMAKE_PREFIX_PATH=/home/tyler/ros2_ws/install/my_py_pkg:/opt/ros/humble /usr/bin/cmake --install /home/tyler/ros2_ws/src/build/my_cpp_pkg
[2.601s] -- Install configuration: ""
[2.602s] -- Installing: /home/tyler/ros2_ws/src/install/my_cpp_pkg/share/ament_index/resource_index/package_run_dependencies/my_cpp_pkg
[2.603s] -- Installing: /home/tyler/ros2_ws/src/install/my_cpp_pkg/share/ament_index/resource_index/parent_prefix_path/my_cpp_pkg
[2.605s] -- Installing: /home/tyler/ros2_ws/src/install/my_cpp_pkg/share/my_cpp_pkg/environment/ament_prefix_path.sh
[2.606s] -- Installing: /home/tyler/ros2_ws/src/install/my_cpp_pkg/share/my_cpp_pkg/environment/ament_prefix_path.dsv
[2.607s] -- Installing: /home/tyler/ros2_ws/src/install/my_cpp_pkg/share/my_cpp_pkg/environment/path.sh
[2.610s] -- Installing: /home/tyler/ros2_ws/src/install/my_cpp_pkg/share/my_cpp_pkg/environment/path.dsv
[2.611s] -- Installing: /home/tyler/ros2_ws/src/install/my_cpp_pkg/share/my_cpp_pkg/local_setup.bash
[2.612s] -- Installing: /home/tyler/ros2_ws/src/install/my_cpp_pkg/share/my_cpp_pkg/local_setup.sh
[2.613s] -- Installing: /home/tyler/ros2_ws/src/install/my_cpp_pkg/share/my_cpp_pkg/local_setup.zsh
[2.614s] -- Installing: /home/tyler/ros2_ws/src/install/my_cpp_pkg/share/my_cpp_pkg/local_setup.dsv
[2.615s] -- Installing: /home/tyler/ros2_ws/src/install/my_cpp_pkg/share/my_cpp_pkg/package.dsv
[2.616s] -- Installing: /home/tyler/ros2_ws/src/install/my_cpp_pkg/share/ament_index/resource_index/packages/my_cpp_pkg
[2.618s] -- Installing: /home/tyler/ros2_ws/src/install/my_cpp_pkg/share/my_cpp_pkg/cmake/my_cpp_pkgConfig.cmake
[2.632s] -- Installing: /home/tyler/ros2_ws/src/install/my_cpp_pkg/share/my_cpp_pkg/cmake/my_cpp_pkgConfig-version.cmake
[2.636s] -- Installing: /home/tyler/ros2_ws/src/install/my_cpp_pkg/share/my_cpp_pkg/package.xml
[2.652s] Invoked command in '/home/tyler/ros2_ws/src/build/my_cpp_pkg' returned '0': CMAKE_PREFIX_PATH=/home/tyler/ros2_ws/install/my_py_pkg:/opt/ros/humble /usr/bin/cmake --install /home/tyler/ros2_ws/src/build/my_cpp_pkg
