[0.850s] Invoking command in '/home/tyler/ros2_ws/build/my_py_pkg': PYTHONPATH=/home/tyler/ros2_ws/build/my_py_pkg/prefix_override:/home/tyler/ros2_ws/install/my_py_pkg/lib/python3.10/site-packages:${PYTHONPATH} /usr/bin/python3 setup.py develop --uninstall --editable --build-directory /home/tyler/ros2_ws/build/my_py_pkg/build
[1.127s] running develop
[1.283s] Invoked command in '/home/tyler/ros2_ws/build/my_py_pkg' returned '0': PYTHONPATH=/home/tyler/ros2_ws/build/my_py_pkg/prefix_override:/home/tyler/ros2_ws/install/my_py_pkg/lib/python3.10/site-packages:${PYTHONPATH} /usr/bin/python3 setup.py develop --uninstall --editable --build-directory /home/tyler/ros2_ws/build/my_py_pkg/build
[1.288s] Invoking command in '/home/tyler/ros2_ws/src/my_py_pkg': PYTHONPATH=/home/tyler/ros2_ws/build/my_py_pkg/prefix_override:/home/tyler/ros2_ws/install/my_py_pkg/lib/python3.10/site-packages:${PYTHONPATH} /usr/bin/python3 setup.py egg_info --egg-base ../../build/my_py_pkg build --build-base /home/tyler/ros2_ws/build/my_py_pkg/build install --record /home/tyler/ros2_ws/build/my_py_pkg/install.log --single-version-externally-managed
[1.514s] running egg_info
[1.515s] writing ../../build/my_py_pkg/my_py_pkg.egg-info/PKG-INFO
[1.516s] writing dependency_links to ../../build/my_py_pkg/my_py_pkg.egg-info/dependency_links.txt
[1.516s] writing entry points to ../../build/my_py_pkg/my_py_pkg.egg-info/entry_points.txt
[1.516s] writing requirements to ../../build/my_py_pkg/my_py_pkg.egg-info/requires.txt
[1.517s] writing top-level names to ../../build/my_py_pkg/my_py_pkg.egg-info/top_level.txt
[1.519s] reading manifest file '../../build/my_py_pkg/my_py_pkg.egg-info/SOURCES.txt'
[1.520s] writing manifest file '../../build/my_py_pkg/my_py_pkg.egg-info/SOURCES.txt'
[1.521s] running build
[1.521s] running build_py
[1.530s] copying my_py_pkg/my_first_node.py -> /home/tyler/ros2_ws/build/my_py_pkg/build/lib/my_py_pkg
[1.530s] running install
[1.530s] running install_lib
[1.530s] creating /home/tyler/ros2_ws/install/my_py_pkg/lib/python3.10/site-packages/my_py_pkg
[1.530s] copying /home/tyler/ros2_ws/build/my_py_pkg/build/lib/my_py_pkg/my_first_node.py -> /home/tyler/ros2_ws/install/my_py_pkg/lib/python3.10/site-packages/my_py_pkg
[1.530s] copying /home/tyler/ros2_ws/build/my_py_pkg/build/lib/my_py_pkg/__init__.py -> /home/tyler/ros2_ws/install/my_py_pkg/lib/python3.10/site-packages/my_py_pkg
[1.530s] byte-compiling /home/tyler/ros2_ws/install/my_py_pkg/lib/python3.10/site-packages/my_py_pkg/my_first_node.py to my_first_node.cpython-310.pyc
[1.530s] byte-compiling /home/tyler/ros2_ws/install/my_py_pkg/lib/python3.10/site-packages/my_py_pkg/__init__.py to __init__.cpython-310.pyc
[1.530s] running install_data
[1.530s] running install_egg_info
[1.530s] Copying ../../build/my_py_pkg/my_py_pkg.egg-info to /home/tyler/ros2_ws/install/my_py_pkg/lib/python3.10/site-packages/my_py_pkg-0.0.0-py3.10.egg-info
[1.537s] running install_scripts
[1.552s] Installing py_node script to /home/tyler/ros2_ws/install/my_py_pkg/lib/my_py_pkg
[1.553s] writing list of installed files to '/home/tyler/ros2_ws/build/my_py_pkg/install.log'
[1.576s] Invoked command in '/home/tyler/ros2_ws/src/my_py_pkg' returned '0': PYTHONPATH=/home/tyler/ros2_ws/build/my_py_pkg/prefix_override:/home/tyler/ros2_ws/install/my_py_pkg/lib/python3.10/site-packages:${PYTHONPATH} /usr/bin/python3 setup.py egg_info --egg-base ../../build/my_py_pkg build --build-base /home/tyler/ros2_ws/build/my_py_pkg/build install --record /home/tyler/ros2_ws/build/my_py_pkg/install.log --single-version-externally-managed
