[0.042s] Invoking command in '/home/tyler/ros2_ws/build/my_cpp_pkg': CMAKE_PREFIX_PATH=${CMAKE_PREFIX_PATH}:/home/tyler/ros2_ws/install/my_py_pkg:/opt/ros/humble /usr/bin/cmake /home/tyler/ros2_ws/src/my_cpp_pkg -DCMAKE_INSTALL_PREFIX=/home/tyler/ros2_ws/install/my_cpp_pkg
[0.484s] -- Found ament_cmake: 1.3.5 (/opt/ros/humble/share/ament_cmake/cmake)
[0.484s] -- Override CMake install command with custom implementation using symlinks instead of copying resources
[0.484s] -- Found rclcpp: 16.0.5 (/opt/ros/humble/share/rclcpp/cmake)
[0.484s] -- Found rosidl_generator_c: 3.1.5 (/opt/ros/humble/share/rosidl_generator_c/cmake)
[0.484s] -- Found rosidl_adapter: 3.1.5 (/opt/ros/humble/share/rosidl_adapter/cmake)
[0.484s] -- Found rosidl_generator_cpp: 3.1.5 (/opt/ros/humble/share/rosidl_generator_cpp/cmake)
[0.484s] -- Using all available rosidl_typesupport_c: rosidl_typesupport_fastrtps_c;rosidl_typesupport_introspection_c
[0.484s] -- Using all available rosidl_typesupport_cpp: rosidl_typesupport_fastrtps_cpp;rosidl_typesupport_introspection_cpp
[0.484s] -- Found rmw_implementation_cmake: 6.1.1 (/opt/ros/humble/share/rmw_implementation_cmake/cmake)
[0.484s] -- Found rmw_fastrtps_cpp: 6.2.3 (/opt/ros/humble/share/rmw_fastrtps_cpp/cmake)
[0.510s] -- Using RMW implementation 'rmw_fastrtps_cpp' as default
[0.685s] -- Found ament_lint_auto: 0.12.7 (/opt/ros/humble/share/ament_lint_auto/cmake)
[0.788s] -- Added test 'cppcheck' to perform static code analysis on C / C++ code
[0.788s] -- Configured cppcheck include dirs: 
[0.788s] -- Configured cppcheck exclude dirs and/or files: 
[0.789s] -- Added test 'lint_cmake' to check CMake code style
[0.789s] -- Added test 'uncrustify' to check C / C++ code style
[0.789s] -- Configured uncrustify additional arguments: 
[0.790s] -- Added test 'xmllint' to check XML markup files
[0.790s] -- Configuring done
[0.802s] -- Generating done
[0.807s] -- Build files have been written to: /home/tyler/ros2_ws/build/my_cpp_pkg
[0.937s] Invoked command in '/home/tyler/ros2_ws/build/my_cpp_pkg' returned '0': CMAKE_PREFIX_PATH=${CMAKE_PREFIX_PATH}:/home/tyler/ros2_ws/install/my_py_pkg:/opt/ros/humble /usr/bin/cmake /home/tyler/ros2_ws/src/my_cpp_pkg -DCMAKE_INSTALL_PREFIX=/home/tyler/ros2_ws/install/my_cpp_pkg
[0.938s] Invoking command in '/home/tyler/ros2_ws/build/my_cpp_pkg': CMAKE_PREFIX_PATH=${CMAKE_PREFIX_PATH}:/home/tyler/ros2_ws/install/my_py_pkg:/opt/ros/humble /usr/bin/cmake --build /home/tyler/ros2_ws/build/my_cpp_pkg -- -j3 -l3
[1.142s] [35m[1mConsolidate compiler generated dependencies of target cpp_node[0m
[1.197s] [100%] Built target cpp_node
[1.240s] Invoked command in '/home/tyler/ros2_ws/build/my_cpp_pkg' returned '0': CMAKE_PREFIX_PATH=${CMAKE_PREFIX_PATH}:/home/tyler/ros2_ws/install/my_py_pkg:/opt/ros/humble /usr/bin/cmake --build /home/tyler/ros2_ws/build/my_cpp_pkg -- -j3 -l3
[1.359s] Invoking command in '/home/tyler/ros2_ws/build/my_cpp_pkg': CMAKE_PREFIX_PATH=${CMAKE_PREFIX_PATH}:/home/tyler/ros2_ws/install/my_py_pkg:/opt/ros/humble /usr/bin/cmake --install /home/tyler/ros2_ws/build/my_cpp_pkg
[1.382s] -- Install configuration: ""
[1.383s] -- Execute custom install script
[1.383s] -- Up-to-date symlink: /home/tyler/ros2_ws/install/my_cpp_pkg/lib/my_cpp_pkg/cpp_node
[1.387s] -- Up-to-date symlink: /home/tyler/ros2_ws/install/my_cpp_pkg/share/ament_index/resource_index/package_run_dependencies/my_cpp_pkg
[1.387s] -- Up-to-date symlink: /home/tyler/ros2_ws/install/my_cpp_pkg/share/ament_index/resource_index/parent_prefix_path/my_cpp_pkg
[1.387s] -- Up-to-date symlink: /home/tyler/ros2_ws/install/my_cpp_pkg/share/my_cpp_pkg/environment/ament_prefix_path.sh
[1.391s] -- Up-to-date symlink: /home/tyler/ros2_ws/install/my_cpp_pkg/share/my_cpp_pkg/environment/ament_prefix_path.dsv
[1.391s] -- Up-to-date symlink: /home/tyler/ros2_ws/install/my_cpp_pkg/share/my_cpp_pkg/environment/path.sh
[1.391s] -- Up-to-date symlink: /home/tyler/ros2_ws/install/my_cpp_pkg/share/my_cpp_pkg/environment/path.dsv
[1.397s] -- Up-to-date symlink: /home/tyler/ros2_ws/install/my_cpp_pkg/share/my_cpp_pkg/local_setup.bash
[1.397s] -- Up-to-date symlink: /home/tyler/ros2_ws/install/my_cpp_pkg/share/my_cpp_pkg/local_setup.sh
[1.397s] -- Up-to-date symlink: /home/tyler/ros2_ws/install/my_cpp_pkg/share/my_cpp_pkg/local_setup.zsh
[1.397s] -- Up-to-date symlink: /home/tyler/ros2_ws/install/my_cpp_pkg/share/my_cpp_pkg/local_setup.dsv
[1.397s] -- Symlinking: /home/tyler/ros2_ws/install/my_cpp_pkg/share/my_cpp_pkg/package.dsv
[1.421s] -- Up-to-date symlink: /home/tyler/ros2_ws/install/my_cpp_pkg/share/ament_index/resource_index/packages/my_cpp_pkg
[1.422s] -- Up-to-date symlink: /home/tyler/ros2_ws/install/my_cpp_pkg/share/my_cpp_pkg/cmake/my_cpp_pkgConfig.cmake
[1.422s] -- Up-to-date symlink: /home/tyler/ros2_ws/install/my_cpp_pkg/share/my_cpp_pkg/cmake/my_cpp_pkgConfig-version.cmake
[1.422s] -- Up-to-date symlink: /home/tyler/ros2_ws/install/my_cpp_pkg/share/my_cpp_pkg/package.xml
[1.425s] Invoked command in '/home/tyler/ros2_ws/build/my_cpp_pkg' returned '0': CMAKE_PREFIX_PATH=${CMAKE_PREFIX_PATH}:/home/tyler/ros2_ws/install/my_py_pkg:/opt/ros/humble /usr/bin/cmake --install /home/tyler/ros2_ws/build/my_cpp_pkg
