[0.651s] Invoking command in '/home/tyler/ros2_ws/src/my_py_pkg2': PYTHONPATH=/home/tyler/ros2_ws/build/my_py_pkg2/prefix_override:/home/tyler/ros2_ws/install/my_py_pkg2/lib/python3.10/site-packages:${PYTHONPATH} /usr/bin/python3 setup.py egg_info --egg-base ../../build/my_py_pkg2 build --build-base /home/tyler/ros2_ws/build/my_py_pkg2/build install --record /home/tyler/ros2_ws/build/my_py_pkg2/install.log --single-version-externally-managed
[0.874s] running egg_info
[0.875s] creating ../../build/my_py_pkg2/my_py_pkg.egg-info
[0.875s] writing ../../build/my_py_pkg2/my_py_pkg.egg-info/PKG-INFO
[0.875s] writing dependency_links to ../../build/my_py_pkg2/my_py_pkg.egg-info/dependency_links.txt
[0.875s] writing entry points to ../../build/my_py_pkg2/my_py_pkg.egg-info/entry_points.txt
[0.875s] writing requirements to ../../build/my_py_pkg2/my_py_pkg.egg-info/requires.txt
[0.876s] writing top-level names to ../../build/my_py_pkg2/my_py_pkg.egg-info/top_level.txt
[0.876s] writing manifest file '../../build/my_py_pkg2/my_py_pkg.egg-info/SOURCES.txt'
[0.878s] reading manifest file '../../build/my_py_pkg2/my_py_pkg.egg-info/SOURCES.txt'
[0.879s] writing manifest file '../../build/my_py_pkg2/my_py_pkg.egg-info/SOURCES.txt'
[0.879s] running build
[0.879s] running build_py
[0.880s] creating /home/tyler/ros2_ws/build/my_py_pkg2/build
[0.880s] creating /home/tyler/ros2_ws/build/my_py_pkg2/build/lib
[0.880s] creating /home/tyler/ros2_ws/build/my_py_pkg2/build/lib/my_py_pkg2
[0.880s] copying my_py_pkg2/my_first_node.py -> /home/tyler/ros2_ws/build/my_py_pkg2/build/lib/my_py_pkg2
[0.880s] copying my_py_pkg2/__init__.py -> /home/tyler/ros2_ws/build/my_py_pkg2/build/lib/my_py_pkg2
[0.880s] running install
[0.880s] running install_lib
[0.881s] creating /home/tyler/ros2_ws/install/my_py_pkg2/lib/python3.10/site-packages/my_py_pkg2
[0.881s] copying /home/tyler/ros2_ws/build/my_py_pkg2/build/lib/my_py_pkg2/my_first_node.py -> /home/tyler/ros2_ws/install/my_py_pkg2/lib/python3.10/site-packages/my_py_pkg2
[0.881s] copying /home/tyler/ros2_ws/build/my_py_pkg2/build/lib/my_py_pkg2/__init__.py -> /home/tyler/ros2_ws/install/my_py_pkg2/lib/python3.10/site-packages/my_py_pkg2
[0.882s] byte-compiling /home/tyler/ros2_ws/install/my_py_pkg2/lib/python3.10/site-packages/my_py_pkg2/my_first_node.py to my_first_node.cpython-310.pyc
[0.882s] byte-compiling /home/tyler/ros2_ws/install/my_py_pkg2/lib/python3.10/site-packages/my_py_pkg2/__init__.py to __init__.cpython-310.pyc
[0.882s] running install_data
[0.883s] error: can't copy 'resource/my_py_pkg': doesn't exist or not a regular file
[0.898s] Invoked command in '/home/tyler/ros2_ws/src/my_py_pkg2' returned '1': PYTHONPATH=/home/tyler/ros2_ws/build/my_py_pkg2/prefix_override:/home/tyler/ros2_ws/install/my_py_pkg2/lib/python3.10/site-packages:${PYTHONPATH} /usr/bin/python3 setup.py egg_info --egg-base ../../build/my_py_pkg2 build --build-base /home/tyler/ros2_ws/build/my_py_pkg2/build install --record /home/tyler/ros2_ws/build/my_py_pkg2/install.log --single-version-externally-managed
