[0.129s] Invoking command in '/home/tyler/ros2_ws/build/my_cpp_pkg': CMAKE_PREFIX_PATH=${CMAKE_PREFIX_PATH}:/home/tyler/ros2_ws/install/my_py_pkg:/opt/ros/humble /usr/bin/cmake --build /home/tyler/ros2_ws/build/my_cpp_pkg -- -j3 -l3
[0.357s] [100%] Built target cpp_node
[0.595s] Invoked command in '/home/tyler/ros2_ws/build/my_cpp_pkg' returned '0': CMAKE_PREFIX_PATH=${CMAKE_PREFIX_PATH}:/home/tyler/ros2_ws/install/my_py_pkg:/opt/ros/humble /usr/bin/cmake --build /home/tyler/ros2_ws/build/my_cpp_pkg -- -j3 -l3
[1.041s] Invoking command in '/home/tyler/ros2_ws/build/my_cpp_pkg': CMAKE_PREFIX_PATH=${CMAKE_PREFIX_PATH}:/home/tyler/ros2_ws/install/my_py_pkg:/opt/ros/humble /usr/bin/cmake --install /home/tyler/ros2_ws/build/my_cpp_pkg
[1.067s] -- Install configuration: ""
[1.067s] -- Execute custom install script
[1.068s] -- Up-to-date symlink: /home/tyler/ros2_ws/install/my_cpp_pkg/lib/my_cpp_pkg/cpp_node
[1.068s] -- Up-to-date symlink: /home/tyler/ros2_ws/install/my_cpp_pkg/share/ament_index/resource_index/package_run_dependencies/my_cpp_pkg
[1.068s] -- Up-to-date symlink: /home/tyler/ros2_ws/install/my_cpp_pkg/share/ament_index/resource_index/parent_prefix_path/my_cpp_pkg
[1.069s] -- Up-to-date symlink: /home/tyler/ros2_ws/install/my_cpp_pkg/share/my_cpp_pkg/environment/ament_prefix_path.sh
[1.069s] -- Up-to-date symlink: /home/tyler/ros2_ws/install/my_cpp_pkg/share/my_cpp_pkg/environment/ament_prefix_path.dsv
[1.069s] -- Up-to-date symlink: /home/tyler/ros2_ws/install/my_cpp_pkg/share/my_cpp_pkg/environment/path.sh
[1.070s] -- Up-to-date symlink: /home/tyler/ros2_ws/install/my_cpp_pkg/share/my_cpp_pkg/environment/path.dsv
[1.070s] -- Up-to-date symlink: /home/tyler/ros2_ws/install/my_cpp_pkg/share/my_cpp_pkg/local_setup.bash
[1.070s] -- Up-to-date symlink: /home/tyler/ros2_ws/install/my_cpp_pkg/share/my_cpp_pkg/local_setup.sh
[1.071s] -- Up-to-date symlink: /home/tyler/ros2_ws/install/my_cpp_pkg/share/my_cpp_pkg/local_setup.zsh
[1.071s] -- Up-to-date symlink: /home/tyler/ros2_ws/install/my_cpp_pkg/share/my_cpp_pkg/local_setup.dsv
[1.071s] -- Symlinking: /home/tyler/ros2_ws/install/my_cpp_pkg/share/my_cpp_pkg/package.dsv
[1.072s] -- Up-to-date symlink: /home/tyler/ros2_ws/install/my_cpp_pkg/share/ament_index/resource_index/packages/my_cpp_pkg
[1.072s] -- Up-to-date symlink: /home/tyler/ros2_ws/install/my_cpp_pkg/share/my_cpp_pkg/cmake/my_cpp_pkgConfig.cmake
[1.072s] -- Up-to-date symlink: /home/tyler/ros2_ws/install/my_cpp_pkg/share/my_cpp_pkg/cmake/my_cpp_pkgConfig-version.cmake
[1.072s] -- Up-to-date symlink: /home/tyler/ros2_ws/install/my_cpp_pkg/share/my_cpp_pkg/package.xml
[1.073s] Invoked command in '/home/tyler/ros2_ws/build/my_cpp_pkg' returned '0': CMAKE_PREFIX_PATH=${CMAKE_PREFIX_PATH}:/home/tyler/ros2_ws/install/my_py_pkg:/opt/ros/humble /usr/bin/cmake --install /home/tyler/ros2_ws/build/my_cpp_pkg
