[0.621s] Invoking command in '/home/tyler/ros2_ws/src/my_py_pkg': PYTHONPATH=/home/tyler/ros2_ws/build/my_py_pkg/prefix_override:/home/tyler/ros2_ws/install/my_py_pkg/lib/python3.10/site-packages:${PYTHONPATH} /usr/bin/python3 setup.py egg_info --egg-base ../../build/my_py_pkg build --build-base /home/tyler/ros2_ws/build/my_py_pkg/build install --record /home/tyler/ros2_ws/build/my_py_pkg/install.log --single-version-externally-managed
[0.825s] running egg_info
[0.826s] writing ../../build/my_py_pkg/my_py_pkg.egg-info/PKG-INFO
[0.826s] writing dependency_links to ../../build/my_py_pkg/my_py_pkg.egg-info/dependency_links.txt
[0.833s] writing entry points to ../../build/my_py_pkg/my_py_pkg.egg-info/entry_points.txt
[0.833s] writing requirements to ../../build/my_py_pkg/my_py_pkg.egg-info/requires.txt
[0.833s] writing top-level names to ../../build/my_py_pkg/my_py_pkg.egg-info/top_level.txt
[0.833s] reading manifest file '../../build/my_py_pkg/my_py_pkg.egg-info/SOURCES.txt'
[0.833s] writing manifest file '../../build/my_py_pkg/my_py_pkg.egg-info/SOURCES.txt'
[0.833s] running build
[0.833s] running build_py
[0.833s] running install
[0.833s] running install_lib
[0.833s] running install_data
[0.833s] running install_egg_info
[0.833s] removing '/home/tyler/ros2_ws/install/my_py_pkg/lib/python3.10/site-packages/my_py_pkg-0.0.0-py3.10.egg-info' (and everything under it)
[0.838s] Copying ../../build/my_py_pkg/my_py_pkg.egg-info to /home/tyler/ros2_ws/install/my_py_pkg/lib/python3.10/site-packages/my_py_pkg-0.0.0-py3.10.egg-info
[0.839s] running install_scripts
[0.875s] Installing py_node script to /home/tyler/ros2_ws/install/my_py_pkg/lib/my_py_pkg
[0.876s] writing list of installed files to '/home/tyler/ros2_ws/build/my_py_pkg/install.log'
[0.899s] Invoked command in '/home/tyler/ros2_ws/src/my_py_pkg' returned '0': PYTHONPATH=/home/tyler/ros2_ws/build/my_py_pkg/prefix_override:/home/tyler/ros2_ws/install/my_py_pkg/lib/python3.10/site-packages:${PYTHONPATH} /usr/bin/python3 setup.py egg_info --egg-base ../../build/my_py_pkg build --build-base /home/tyler/ros2_ws/build/my_py_pkg/build install --record /home/tyler/ros2_ws/build/my_py_pkg/install.log --single-version-externally-managed
