[0.035s] Invoking command in '/home/tyler/ros2_ws/build/my_cpp_pkg': CMAKE_PREFIX_PATH=/home/tyler/ros2_ws/install/my_py_pkg:/opt/ros/humble /usr/bin/cmake /home/tyler/ros2_ws/src/my_cpp_pkg -DCMAKE_INSTALL_PREFIX=/home/tyler/ros2_ws/install/my_cpp_pkg
[0.329s] -- The C compiler identification is GNU 11.4.0
[0.437s] -- The CXX compiler identification is GNU 11.4.0
[0.476s] -- Detecting C compiler ABI info
[0.724s] -- Detecting C compiler ABI info - done
[0.724s] -- Check for working C compiler: /usr/bin/cc - skipped
[0.725s] -- Detecting C compile features
[0.726s] -- Detecting C compile features - done
[0.735s] -- Detecting CXX compiler ABI info
[0.925s] -- Detecting CXX compiler ABI info - done
[0.933s] -- Check for working CXX compiler: /usr/bin/c++ - skipped
[0.933s] -- Detecting CXX compile features
[0.934s] -- Detecting CXX compile features - done
[0.954s] -- Found ament_cmake: 1.3.5 (/opt/ros/humble/share/ament_cmake/cmake)
[1.203s] -- Found Python3: /usr/bin/python3.10 (found version "3.10.12") found components: Interpreter 
[1.309s] -- Found rclcpp: 16.0.5 (/opt/ros/humble/share/rclcpp/cmake)
[1.358s] -- Found rosidl_generator_c: 3.1.5 (/opt/ros/humble/share/rosidl_generator_c/cmake)
[1.368s] -- Found rosidl_adapter: 3.1.5 (/opt/ros/humble/share/rosidl_adapter/cmake)
[1.377s] -- Found rosidl_generator_cpp: 3.1.5 (/opt/ros/humble/share/rosidl_generator_cpp/cmake)
[1.389s] -- Using all available rosidl_typesupport_c: rosidl_typesupport_fastrtps_c;rosidl_typesupport_introspection_c
[1.405s] -- Using all available rosidl_typesupport_cpp: rosidl_typesupport_fastrtps_cpp;rosidl_typesupport_introspection_cpp
[1.465s] -- Found rmw_implementation_cmake: 6.1.1 (/opt/ros/humble/share/rmw_implementation_cmake/cmake)
[1.467s] -- Found rmw_fastrtps_cpp: 6.2.3 (/opt/ros/humble/share/rmw_fastrtps_cpp/cmake)
[1.624s] -- Found OpenSSL: /usr/lib/x86_64-linux-gnu/libcrypto.so (found version "3.0.2")  
[1.650s] -- Found FastRTPS: /opt/ros/humble/include  
[1.693s] -- Using RMW implementation 'rmw_fastrtps_cpp' as default
[1.742s] -- Looking for pthread.h
[1.857s] -- Looking for pthread.h - found
[1.858s] -- Performing Test CMAKE_HAVE_LIBC_PTHREAD
[2.024s] -- Performing Test CMAKE_HAVE_LIBC_PTHREAD - Success
[2.025s] -- Found Threads: TRUE  
[2.209s] -- Found ament_lint_auto: 0.12.7 (/opt/ros/humble/share/ament_lint_auto/cmake)
[2.312s] -- Added test 'cppcheck' to perform static code analysis on C / C++ code
[2.312s] -- Configured cppcheck include dirs: 
[2.312s] -- Configured cppcheck exclude dirs and/or files: 
[2.314s] -- Added test 'lint_cmake' to check CMake code style
[2.315s] -- Added test 'uncrustify' to check C / C++ code style
[2.315s] -- Configured uncrustify additional arguments: 
[2.315s] -- Added test 'xmllint' to check XML markup files
[2.316s] -- Configuring done
[2.327s] -- Generating done
[2.339s] -- Build files have been written to: /home/tyler/ros2_ws/build/my_cpp_pkg
[2.361s] Invoked command in '/home/tyler/ros2_ws/build/my_cpp_pkg' returned '0': CMAKE_PREFIX_PATH=/home/tyler/ros2_ws/install/my_py_pkg:/opt/ros/humble /usr/bin/cmake /home/tyler/ros2_ws/src/my_cpp_pkg -DCMAKE_INSTALL_PREFIX=/home/tyler/ros2_ws/install/my_cpp_pkg
[2.361s] Invoking command in '/home/tyler/ros2_ws/build/my_cpp_pkg': CMAKE_PREFIX_PATH=/home/tyler/ros2_ws/install/my_py_pkg:/opt/ros/humble /usr/bin/cmake --build /home/tyler/ros2_ws/build/my_cpp_pkg -- -j3 -l3
[2.437s] [ 50%] [32mBuilding CXX object CMakeFiles/cpp_node.dir/src/my_first_node.cpp.o[0m
[5.137s] [100%] [32m[1mLinking CXX executable cpp_node[0m
[5.329s] [100%] Built target cpp_node
[5.342s] Invoked command in '/home/tyler/ros2_ws/build/my_cpp_pkg' returned '0': CMAKE_PREFIX_PATH=/home/tyler/ros2_ws/install/my_py_pkg:/opt/ros/humble /usr/bin/cmake --build /home/tyler/ros2_ws/build/my_cpp_pkg -- -j3 -l3
[5.426s] Invoking command in '/home/tyler/ros2_ws/build/my_cpp_pkg': CMAKE_PREFIX_PATH=/home/tyler/ros2_ws/install/my_py_pkg:/opt/ros/humble /usr/bin/cmake --install /home/tyler/ros2_ws/build/my_cpp_pkg
[5.437s] -- Install configuration: ""
[5.437s] -- Installing: /home/tyler/ros2_ws/install/my_cpp_pkg/lib/my_cpp_pkg/cpp_node
[5.437s] -- Set runtime path of "/home/tyler/ros2_ws/install/my_cpp_pkg/lib/my_cpp_pkg/cpp_node" to ""
[5.437s] -- Installing: /home/tyler/ros2_ws/install/my_cpp_pkg/share/ament_index/resource_index/package_run_dependencies/my_cpp_pkg
[5.438s] -- Installing: /home/tyler/ros2_ws/install/my_cpp_pkg/share/ament_index/resource_index/parent_prefix_path/my_cpp_pkg
[5.438s] -- Installing: /home/tyler/ros2_ws/install/my_cpp_pkg/share/my_cpp_pkg/environment/ament_prefix_path.sh
[5.438s] -- Installing: /home/tyler/ros2_ws/install/my_cpp_pkg/share/my_cpp_pkg/environment/ament_prefix_path.dsv
[5.439s] -- Installing: /home/tyler/ros2_ws/install/my_cpp_pkg/share/my_cpp_pkg/environment/path.sh
[5.439s] -- Installing: /home/tyler/ros2_ws/install/my_cpp_pkg/share/my_cpp_pkg/environment/path.dsv
[5.439s] -- Installing: /home/tyler/ros2_ws/install/my_cpp_pkg/share/my_cpp_pkg/local_setup.bash
[5.439s] -- Installing: /home/tyler/ros2_ws/install/my_cpp_pkg/share/my_cpp_pkg/local_setup.sh
[5.439s] -- Installing: /home/tyler/ros2_ws/install/my_cpp_pkg/share/my_cpp_pkg/local_setup.zsh
[5.440s] -- Installing: /home/tyler/ros2_ws/install/my_cpp_pkg/share/my_cpp_pkg/local_setup.dsv
[5.440s] -- Installing: /home/tyler/ros2_ws/install/my_cpp_pkg/share/my_cpp_pkg/package.dsv
[5.440s] -- Installing: /home/tyler/ros2_ws/install/my_cpp_pkg/share/ament_index/resource_index/packages/my_cpp_pkg
[5.440s] -- Installing: /home/tyler/ros2_ws/install/my_cpp_pkg/share/my_cpp_pkg/cmake/my_cpp_pkgConfig.cmake
[5.440s] -- Installing: /home/tyler/ros2_ws/install/my_cpp_pkg/share/my_cpp_pkg/cmake/my_cpp_pkgConfig-version.cmake
[5.440s] -- Installing: /home/tyler/ros2_ws/install/my_cpp_pkg/share/my_cpp_pkg/package.xml
[5.446s] Invoked command in '/home/tyler/ros2_ws/build/my_cpp_pkg' returned '0': CMAKE_PREFIX_PATH=/home/tyler/ros2_ws/install/my_py_pkg:/opt/ros/humble /usr/bin/cmake --install /home/tyler/ros2_ws/build/my_cpp_pkg
